<?xml version="1.0" encoding="UTF-8"?>
<!-- Generated by org.testng.reporters.JUnitReportReporter -->
<testsuite hostname="DESKTOP-3JC72G1" failures="0" tests="3" name="parallel.TestRunner" time="45.770" errors="0" timestamp="2023-08-05T19:25:05 IST" skipped="0">
  <testcase classname="parallel.TestRunner" name="runScenario" time="11.122"/>
  <system-out/>
  <testcase classname="parallel.TestRunner" name="runScenario" time="18.202"/>
  <system-out/>
  <testcase classname="parallel.TestRunner" name="runScenario" time="16.446"/>
  <system-out/>
</testsuite> <!-- parallel.TestRunner -->
